C51 COMPILER V9.52.0.0   ________                                                          03/15/2020 00:27:14 PAGE 1   


C51 COMPILER V9.52.0.0, COMPILATION OF MODULE ________
OBJECT MODULE PLACED IN 外部中断.OBJ
COMPILER INVOKED BY: D:\Keil\C51\BIN\C51.EXE 外部中断.c BROWSE DEBUG OBJECTEXTEND TABS(2)

line level    source

   1          #include"reg52.h"
   2          
   3          sbit L1 = P0^0;
   4          sbit L8 = P0^7;
   5          
   6          void SelectHC573(unsigned char channel)
   7          {
   8   1        switch(channel)
   9   1        {
  10   2          case 4:
  11   2            P2=(P2&0x1f)|0x80;
  12   2            break;
  13   2          case 5:
  14   2            P2=(P2&0x1f)|0xa0;
  15   2            break;
  16   2          case 6:
  17   2            P2=(P2&0x1f)|0xc0;
  18   2            break;
  19   2          case 7:
  20   2            P2=(P2&0x1f)|0xe0;
  21   2            break;
  22   2        }
  23   1        
  24   1      }
  25          
  26          void Delay(unsigned int t)
  27          {
  28   1        while(t--);
  29   1      }
  30          
  31          void Working()
  32          {
  33   1        SelectHC573(4);   //先选定串口
  34   1        L1=0;
  35   1        Delay(100000000);
  36   1        Delay(100000000);
  37   1        L1=1;
  38   1        Delay(100000000);
  39   1        Delay(100000000);
  40   1      }
  41          
  42          ////中断法1
  43          //void Init_INT0()//中断初始化
  44          //{
  45          //  IT0 = 1; //选择中断0是下降沿触发（=0就是低电平触发）
  46          //  EX0 = 1; //打开外部使能
  47          //  EA = 1;  //打开总开关
  48          //}
  49          
  50          //void ServiceINT0()  interrupt 0
  51          //{
  52          //  L8 = 0;
  53          //  Delay(100000000);
  54          //  Delay(100000000);
  55          //  Delay(100000000);
C51 COMPILER V9.52.0.0   ________                                                          03/15/2020 00:27:14 PAGE 2   

  56          //  Delay(100000000);
  57          //  L8 = 1;
  58          //}
  59          
  60          //中断法2
  61          void Init_INT0()//中断初始化
  62          {
  63   1        IT0 = 1; //选择中断0是下降沿触发（=0就是低电平触发）
  64   1        EX0 = 1; //打开外部使能
  65   1        EA = 1;  //打开总开关
  66   1      }
  67          
  68          unsigned char state_INT = 0;  //设置中断标志变量
  69          void ServiceINT0()  interrupt 0
  70          {
  71   1        state_INT = 1; //中断产生时标志位变，中断服务函数少做事情，不影响程序的实时性
  72   1      }
  73          
  74          void LEDINT()
  75          {
  76   1        if(state_INT == 1)
  77   1        {
  78   2          L8 = 0;
  79   2          Delay(100000000);
  80   2          Delay(100000000);
  81   2          Delay(100000000);
  82   2          Delay(100000000);
  83   2          L8 = 1;
  84   2        }
  85   1        state_INT = 0; //做完中断状态归0
  86   1      }
  87          
  88          void main()
  89          {
  90   1        Init_INT0();  //打开开关
  91   1        while(1)
  92   1        {
  93   2          Working();
  94   2          LEDINT();
  95   2        }
  96   1      }


MODULE INFORMATION:   STATIC OVERLAYABLE
   CODE SIZE        =    136    ----
   CONSTANT SIZE    =   ----    ----
   XDATA SIZE       =   ----    ----
   PDATA SIZE       =   ----    ----
   DATA SIZE        =      1    ----
   IDATA SIZE       =   ----    ----
   BIT SIZE         =   ----    ----
END OF MODULE INFORMATION.


C51 COMPILATION COMPLETE.  0 WARNING(S),  0 ERROR(S)
