C51 COMPILER V9.52.0.0   COMMON                                                            04/01/2020 11:47:40 PAGE 1   


C51 COMPILER V9.52.0.0, COMPILATION OF MODULE COMMON
OBJECT MODULE PLACED IN ..\Output\common.obj
COMPILER INVOKED BY: D:\Keil\C51\BIN\C51.EXE ..\System\common.c BROWSE INCDIR(..\Main;..\System) DEBUG OBJECTEXTEND PRIN
                    -T(.\common.lst) TABS(2) OBJECT(..\Output\common.obj)

line level    source

   1          #include"common.h"
   2          
   3          void Delay(uint t)
   4          {
   5   1        while(t--);
   6   1        while(t--);
   7   1      }
   8          
   9          
  10          
  11          void InitHC138(uchar n)
  12          {
  13   1        switch(n)
  14   1        {
  15   2          case 4:
  16   2            P2 = (P2 & 0x1f) | 0x80;
  17   2            break;
  18   2          case 5:
  19   2            P2 = (P2 & 0x1f) | 0xa0;
  20   2            break;
  21   2          case 6:
  22   2            P2 = (P2 & 0x1f) | 0xc0;
  23   2            break;
  24   2          case 7:
  25   2            P2 = (P2 & 0x1f) | 0xe0;
  26   2            break;
  27   2        } 
  28   1      }


MODULE INFORMATION:   STATIC OVERLAYABLE
   CODE SIZE        =     72    ----
   CONSTANT SIZE    =   ----    ----
   XDATA SIZE       =   ----    ----
   PDATA SIZE       =   ----    ----
   DATA SIZE        =   ----    ----
   IDATA SIZE       =   ----    ----
   BIT SIZE         =   ----    ----
END OF MODULE INFORMATION.


C51 COMPILATION COMPLETE.  0 WARNING(S),  0 ERROR(S)
