C51 COMPILER V9.52.0.0   INTERRUPT                                                         04/01/2020 11:47:41 PAGE 1   


C51 COMPILER V9.52.0.0, COMPILATION OF MODULE INTERRUPT
OBJECT MODULE PLACED IN ..\Output\interrupt.obj
COMPILER INVOKED BY: D:\Keil\C51\BIN\C51.EXE ..\System\interrupt.c BROWSE INCDIR(..\Main;..\System) DEBUG OBJECTEXTEND P
                    -RINT(.\interrupt.lst) TABS(2) OBJECT(..\Output\interrupt.obj)

line level    source

   1          #include"interrupt.h"
   2          
   3          sbit L1 = P0^0;
   4          sbit L8 = P0^7;
   5          
   6          void Init_INT0()
   7          {
   8   1        IT0 = 1; 
   9   1        EX0 = 1; 
  10   1        EA = 1;  
  11   1      }
  12          
  13          unsigned char state_INT = 0;  
  14          
  15          void ServiceINT0()  interrupt 0
  16          {
  17   1        state_INT = 1; 
  18   1      }
  19          
  20          void LEDINT()
  21          {
  22   1        if(state_INT == 1)
  23   1        {
  24   2          L8 = 0;
  25   2          Delay(100000000);
  26   2          Delay(100000000);
  27   2          Delay(100000000);
  28   2          Delay(100000000);
  29   2          L8 = 1;
  30   2        }
  31   1        state_INT = 0; //???????0
  32   1      }
  33          
  34          void Working()
  35          {
  36   1        InitHC138(4);   //?????
  37   1        L1=0;
  38   1        Delay(100000000);
  39   1        Delay(100000000);
  40   1        L1=1;
  41   1        Delay(100000000);
  42   1        Delay(100000000);
  43   1      }


MODULE INFORMATION:   STATIC OVERLAYABLE
   CODE SIZE        =     89    ----
   CONSTANT SIZE    =   ----    ----
   XDATA SIZE       =   ----    ----
   PDATA SIZE       =   ----    ----
   DATA SIZE        =      1    ----
   IDATA SIZE       =   ----    ----
   BIT SIZE         =   ----    ----
END OF MODULE INFORMATION.

C51 COMPILER V9.52.0.0   INTERRUPT                                                         04/01/2020 11:47:41 PAGE 2   


C51 COMPILATION COMPLETE.  0 WARNING(S),  0 ERROR(S)
