C51 COMPILER V9.52.0.0   MAIN                                                              04/01/2020 11:47:40 PAGE 1   


C51 COMPILER V9.52.0.0, COMPILATION OF MODULE MAIN
OBJECT MODULE PLACED IN ..\Output\main.obj
COMPILER INVOKED BY: D:\Keil\C51\BIN\C51.EXE ..\Main\main.c BROWSE INCDIR(..\Main;..\System) DEBUG OBJECTEXTEND PRINT(.\
                    -main.lst) TABS(2) OBJECT(..\Output\main.obj)

line level    source

   1          #include<main.h>
   2          
   3          //extern unsigned char state_INT;
   4          
   5          void main()
   6          {
   7   1        Init_INT0();
   8   1        while(1)
   9   1        {
  10   2      //    SMG_Static();
  11   2          Working();
*** WARNING C206 IN LINE 11 OF ..\Main\main.c: 'Working': missing function-prototype
  12   2          LEDINT();
  13   2        }
  14   1      }


MODULE INFORMATION:   STATIC OVERLAYABLE
   CODE SIZE        =     11    ----
   CONSTANT SIZE    =   ----    ----
   XDATA SIZE       =   ----    ----
   PDATA SIZE       =   ----    ----
   DATA SIZE        =   ----    ----
   IDATA SIZE       =   ----    ----
   BIT SIZE         =   ----    ----
END OF MODULE INFORMATION.


C51 COMPILATION COMPLETE.  1 WARNING(S),  0 ERROR(S)
