C51 COMPILER V9.52.0.0   LED______                                                         03/30/2020 21:41:54 PAGE 1   


C51 COMPILER V9.52.0.0, COMPILATION OF MODULE LED______
OBJECT MODULE PLACED IN LED跑马灯.OBJ
COMPILER INVOKED BY: D:\Keil\C51\BIN\C51.EXE LED跑马灯.c BROWSE DEBUG OBJECTEXTEND TABS(2)

line level    source

   1          /*
   2          流水灯闪三下，在做流水
   3          */
   4          
   5          #include"reg52.h"
   6          
   7          sbit  HC138_A = P2^5;
   8          sbit  HC138_B = P2^6;
   9          sbit  HC138_C = P2^7;
  10          
  11          //关闭蜂鸣器外设
  12          void cls_buzz(void)
  13          {
  14   1        P2 = (P2&0x1F|0xA0);
  15   1        P0 = 0x00;
  16   1        P2 &= 0x1F;
  17   1      }
  18          
  19          void Delay(unsigned int t)
  20          {
  21   1        while(t--);
  22   1        while(t--);
  23   1      }
  24          
  25          void LEDRunning()
  26          {
  27   1        int i;
  28   1        HC138_A = 0;
  29   1        HC138_B = 0;
  30   1        HC138_C = 1;
  31   1        for(i=0;i<3;i++)
  32   1        {
  33   2          P0=0x00;
  34   2          Delay(60000);
  35   2          P0=0xff;
  36   2          Delay(60000); 
  37   2        }
  38   1        for(i=3;i<=8;i++)
  39   1        {
  40   2          P0 = 0xff<<i;
  41   2          Delay(60000);
  42   2          Delay(60000);
  43   2        }
  44   1        for(i=1;i<=8;i++)
  45   1        {
  46   2          P0 = ~(0xff<<i);
  47   2          Delay(60000);
  48   2          Delay(60000);
  49   2        }
  50   1        
  51   1      }
  52          
  53          void main()
  54          {
  55   1        cls_buzz();
C51 COMPILER V9.52.0.0   LED______                                                         03/30/2020 21:41:54 PAGE 2   

  56   1        while(1)
  57   1        {
  58   2          LEDRunning();
  59   2        }
  60   1      }


MODULE INFORMATION:   STATIC OVERLAYABLE
   CODE SIZE        =    153    ----
   CONSTANT SIZE    =   ----    ----
   XDATA SIZE       =   ----    ----
   PDATA SIZE       =   ----    ----
   DATA SIZE        =   ----    ----
   IDATA SIZE       =   ----    ----
   BIT SIZE         =   ----    ----
END OF MODULE INFORMATION.


C51 COMPILATION COMPLETE.  0 WARNING(S),  0 ERROR(S)
