C51 COMPILER V9.52.0.0   E2PROM                                                            03/31/2020 23:30:39 PAGE 1   


C51 COMPILER V9.52.0.0, COMPILATION OF MODULE E2PROM
OBJECT MODULE PLACED IN e2prom.OBJ
COMPILER INVOKED BY: D:\Keil\C51\BIN\C51.EXE e2prom.c BROWSE DEBUG OBJECTEXTEND TABS(2)

line level    source

   1          #include"reg52.h"
   2          #include"intrins.h"
   3          
   4          sbit SDA=P2^1;
   5          sbit SCL=P2^0;
   6          
   7          void Delay5us()   //@11.0592MHz
   8          {
   9   1        ;
  10   1        ;
  11   1      }
  12          
  13          void Start()
  14          {
  15   1        SDA=1;
  16   1        Delay5us();
  17   1        SCL=1;
  18   1        Delay5us();
  19   1        SDA=0;
  20   1        Delay5us();
  21   1      }
  22          
  23          void Stop()
  24          {
  25   1        SDA=0;
  26   1        Delay5us();
  27   1        SCL=1;
  28   1        Delay5us();
  29   1        SDA=1;
  30   1        Delay5us();
  31   1      }
  32          
  33          void Response()   //应答信号
  34          {
  35   1        unsigned char i;
  36   1        SCL=1;
  37   1        Delay5us();
  38   1        while((SDA==1)&(i<250))
  39   1        {
  40   2          i++;
  41   2        } 
  42   1        SCL=0;
  43   1        Delay5us();
  44   1      }
  45          
  46          void Init()   //初始化总线
  47          {
  48   1        SDA=1;
  49   1        SCL=1;
  50   1      }
  51          
  52          void Write_Byte(unsigned char dat)
  53          {
  54   1        unsigned char i,temp;
  55   1        SCL=0;
C51 COMPILER V9.52.0.0   E2PROM                                                            03/31/2020 23:30:39 PAGE 2   

  56   1        Delay5us();
  57   1        temp=dat;
  58   1        for(i=0;i<8;i++)
  59   1        {
  60   2          temp=temp<<1;
  61   2          SDA=CY;
  62   2          Delay5us();
  63   2          SCL=1;
  64   2          Delay5us();
  65   2          SCL=0;
  66   2          Delay5us();
  67   2        }
  68   1        SDA=1;
  69   1        Delay5us();
  70   1      }
  71          
  72          unsigned char Read_Byte()
  73          {
  74   1        unsigned char i,j,k;
  75   1        SCL=0;
  76   1        Delay5us();
  77   1        SDA=1;
  78   1        Delay5us();
  79   1        for(i=0;i<8;i++)
  80   1        {
  81   2          SCL=1;
  82   2          Delay5us();
  83   2          j=SDA;
  84   2          if(j)
  85   2          k=(k<<1)|j;
  86   2          SCL=0;
  87   2          Delay5us();
  88   2        }
  89   1        return k;
  90   1      }
  91          
  92          
  93          void main()
  94          {
  95   1        Init();
  96   1        Start();
  97   1        Write_Byte(0xa0);  //0xa0器件地址是a，0是下一次要写
  98   1        Response();
  99   1        Write_Byte(3); //写要写入芯片存储器地址
 100   1        Response();
 101   1        Write_Byte(0xfe); //写数据
 102   1        Response();
 103   1        Stop();
 104   1        
 105   1        Start();
 106   1        Write_Byte(0xa0);  //器件地址
 107   1        Response();
 108   1        Write_Byte(3); //写要写入芯片存储器地址
 109   1        Response();
 110   1        Start();
 111   1        Write_Byte(0xa1);  //换方向
 112   1        Response();
 113   1        P1=Read_Byte();
 114   1        Stop();
 115   1        while(1)
 116   1        {
 117   2          
C51 COMPILER V9.52.0.0   E2PROM                                                            03/31/2020 23:30:39 PAGE 3   

 118   2        }
 119   1      }


MODULE INFORMATION:   STATIC OVERLAYABLE
   CODE SIZE        =    205    ----
   CONSTANT SIZE    =   ----    ----
   XDATA SIZE       =   ----    ----
   PDATA SIZE       =   ----    ----
   DATA SIZE        =   ----       1
   IDATA SIZE       =   ----    ----
   BIT SIZE         =   ----    ----
END OF MODULE INFORMATION.


C51 COMPILATION COMPLETE.  0 WARNING(S),  0 ERROR(S)
