C51 COMPILER V9.52.0.0   ______________                                                    03/11/2020 00:40:07 PAGE 1   


C51 COMPILER V9.52.0.0, COMPILATION OF MODULE ______________
OBJECT MODULE PLACED IN 蜂鸣器与继电器.OBJ
COMPILER INVOKED BY: D:\Keil\C51\BIN\C51.EXE 蜂鸣器与继电器.c BROWSE DEBUG OBJECTEXTEND TABS(2)

line level    source

   1          ///*
   2          //流水灯闪三下，依次点亮LED灯继电器吸合，依次熄灭LED灯蜂鸣器鸣叫
   3          //*/
   4          
   5          #include"reg52.h"
   6          
   7          //sbit  HC138_A = P2^5;
   8          //sbit  HC138_B = P2^6;
   9          //sbit  HC138_C = P2^7;
  10          
  11          //void Delay(unsigned int t);
  12          //void LEDRunning();
  13          //void InitSystem();
  14          //void Relay_spdt();
  15          //void Buzzer();
  16          
  17          //void Delay(unsigned int t)
  18          //{
  19          //  while(t--);
  20          //  while(t--);
  21          //}
  22          
  23          
  24          ////选择HC138输出端口的函数
  25          ////void InitHC138(unsigned char n)
  26          ////{
  27          ////  switch(n)
  28          ////  {
  29          ////    case 4:
  30          ////      HC138_A = 0;
  31          ////      HC138_B = 0;
  32          ////      HC138_C = 1;   //P2 = (P2 & 0x1f) | 0x80;
  33          ////    break;
  34          ////    case 5:
  35          ////      HC138_A = 1;
  36          ////      HC138_B = 0;
  37          ////      HC138_C = 1;
  38          ////    break;
  39          ////    case 6:
  40          ////      HC138_A = 0;
  41          ////      HC138_B = 1;
  42          ////      HC138_C = 1;
  43          ////    break;
  44          ////    case 7:
  45          ////      HC138_A = 1;
  46          ////      HC138_B = 1;
  47          ////      HC138_C = 1;
  48          ////    break;
  49          ////  } 
  50          ////}
  51          
  52          ////位运算优化
  53          //void InitHC138(unsigned char n)
  54          //{
  55          //  switch(n)
C51 COMPILER V9.52.0.0   ______________                                                    03/11/2020 00:40:07 PAGE 2   

  56          //  {
  57          //    case 4:
  58          //      P2 = (P2 & 0x1f) | 0x80;
  59          //    break;
  60          //    case 5:
  61          //      P2 = (P2 & 0x1f) | 0xa0;
  62          //    break;
  63          //    case 6:
  64          //      P2 = (P2 & 0x1f) | 0xc0;
  65          //    break;
  66          //    case 7:
  67          //      P2 = (P2 & 0x1f) | 0xe0;
  68          //    break;
  69          //  } 
  70          //}
  71          
  72          
  73          
  74          ////优化后的输出函数
  75          //void OutPutP0(unsigned char channel, unsigned char dat)
  76          //{
  77          //  InitHC138(channel);
  78          //  P0=dat;
  79          //}
  80          
  81          ////关掉无关的外设
  82          //void InitSystem()
  83          //{
  84          //  OutPutP0(5,0x00);
  85          //}
  86          
  87          //void LEDRunning()
  88          //{
  89          //  int i;
  90          //  for(i=0;i<3;i++)
  91          //  {
  92          //    OutPutP0(4,0x00);
  93          //    Delay(60000);
  94          //    OutPutP0(4,0xff);
  95          //    Delay(60000); 
  96          //  }
  97          //  for(i=1;i<=8;i++)
  98          //  {
  99          //    OutPutP0(4,(0xff<<i));
 100          //    Delay(60000);
 101          //    
 102          //  }
 103          //  
 104          //  Relay_spdt();
 105          //  
 106          //  
 107          //  InitHC138(4);   //再次选中Y4  
 108          
 109          //  for(i=1;i<=8;i++)
 110          //  {
 111          //    
 112          //    OutPutP0(4,~(0xff<<i));
 113          //    Delay(60000);
 114          //  }
 115          //  
 116          //  Buzzer(); 
 117          //}
C51 COMPILER V9.52.0.0   ______________                                                    03/11/2020 00:40:07 PAGE 3   

 118          
 119          
 120          ////继电器吸合
 121          //void Relay_spdt()
 122          //{
 123          //  OutPutP0(5,0x10);
 124          //  Delay(60000);
 125          //  OutPutP0(5,0x00);
 126          //}
 127          
 128          ////蜂鸣器鸣叫
 129          //void Buzzer()
 130          //{
 131          //  OutPutP0(5,0x40);
 132          //  Delay(60000);
 133          //  OutPutP0(5,0x00);
 134          //}
 135          
 136          
 137          //void main()
 138          //{
 139          //  InitSystem();
 140          //  while(1)
 141          //  {
 142          //    LEDRunning();
 143          //  }
 144          //}
 145          
 146          
 147          
 148          unsigned char code SMG_duanma[18] = {0xc0,0xf9,0xa4,0xb0,0x99,0x92,0x82,oxf8,0x800x90,0x88,0x80,0xc6,0xc0,
             -0x86,0x8e,0xbf,0x7f}  //段码设置好不会再变，设置表格形式减少内存
*** ERROR C202 IN LINE 148 OF 蜂鸣器与继电器.c: 'oxf8': undefined identifier
*** ERROR C141 IN LINE 148 OF 蜂鸣器与继电器.c: syntax error near 'x90'
 149          
 150          void InitHC138(unsigned char n)
 151          {
*** ERROR C141 IN LINE 151 OF 蜂鸣器与继电器.c: syntax error near '{'
 152            switch(n)
 153            {
*** ERROR C141 IN LINE 153 OF 蜂鸣器与继电器.c: syntax error near '{'
 154              case 4:
 155                P2 = (P2 & 0x1f) | 0x80;
*** ERROR C231 IN LINE 155 OF 蜂鸣器与继电器.c: 'P2': redefinition
*** ERROR C247 IN LINE 155 OF 蜂鸣器与继电器.c: non-address/-constant initializer
*** ERROR C231 IN LINE 155 OF 蜂鸣器与继电器.c: 'P2': redefinition
 156              break;
*** ERROR C141 IN LINE 156 OF 蜂鸣器与继电器.c: syntax error near 'break'
 157              case 5:
 158                P2 = (P2 & 0x1f) | 0xa0;
*** ERROR C279 IN LINE 158 OF 蜂鸣器与继电器.c: 'P2': multiple initialization
*** ERROR C231 IN LINE 158 OF 蜂鸣器与继电器.c: 'P2': redefinition
*** ERROR C247 IN LINE 158 OF 蜂鸣器与继电器.c: non-address/-constant initializer
*** ERROR C231 IN LINE 158 OF 蜂鸣器与继电器.c: 'P2': redefinition
 159              break;
*** ERROR C141 IN LINE 159 OF 蜂鸣器与继电器.c: syntax error near 'break'
 160              case 6:
 161                P2 = (P2 & 0x1f) | 0xc0;
*** ERROR C279 IN LINE 161 OF 蜂鸣器与继电器.c: 'P2': multiple initialization
*** ERROR C231 IN LINE 161 OF 蜂鸣器与继电器.c: 'P2': redefinition
*** ERROR C247 IN LINE 161 OF 蜂鸣器与继电器.c: non-address/-constant initializer
*** ERROR C231 IN LINE 161 OF 蜂鸣器与继电器.c: 'P2': redefinition
C51 COMPILER V9.52.0.0   ______________                                                    03/11/2020 00:40:07 PAGE 4   

 162              break;
*** ERROR C141 IN LINE 162 OF 蜂鸣器与继电器.c: syntax error near 'break'
 163              case 7:
 164                P2 = (P2 & 0x1f) | 0xe0;
*** ERROR C279 IN LINE 164 OF 蜂鸣器与继电器.c: 'P2': multiple initialization
*** ERROR C231 IN LINE 164 OF 蜂鸣器与继电器.c: 'P2': redefinition
*** ERROR C247 IN LINE 164 OF 蜂鸣器与继电器.c: non-address/-constant initializer
*** ERROR C231 IN LINE 164 OF 蜂鸣器与继电器.c: 'P2': redefinition
 165              break;
*** ERROR C141 IN LINE 165 OF 蜂鸣器与继电器.c: syntax error near 'break'
 166            } 
 167          }
 168          
 169          void ShowSMG()
 170          {
 171   1        InitHC138(6);
 172   1        P0=0x01;
 173   1        InitHC138(7);
 174   1        P0=0x82;
 175   1      }
 176          
 177          void main()
 178          {
 179   1        while(1)
 180   1        {
 181   2          ShowSMG();
 182   2        }
 183   1      }

C51 COMPILATION COMPLETE.  0 WARNING(S),  23 ERROR(S)
