C51 COMPILER V9.52.0.0   ____                                                              03/17/2020 21:31:00 PAGE 1   


C51 COMPILER V9.52.0.0, COMPILATION OF MODULE ____
OBJECT MODULE PLACED IN 秒表.OBJ
COMPILER INVOKED BY: D:\Keil\C51\BIN\C51.EXE 秒表.c BROWSE DEBUG OBJECTEXTEND TABS(2)

line level    source

   1          /************************
   2          *单片机中断计时+数码管显示
   3          **************************/
   4          
   5          #include"reg52.h"
   6          
   7          sbit S4=P3^3;
   8          sbit S5=P3^2;
   9          
  10          unsigned char code SMG_Duanma[18] = 
  11              {0xc0,0xf9,0xa4,0xb0,0x99,0x92,0x82,0xf8,
  12              0x80,0x90,0x88,0x80,0xc6,0xc0,0x86,0x8e,
  13              0xbf,0x7f};
  14              
  15          unsigned char t_fen=0;
  16          unsigned char t_miao=0;
  17          unsigned char t_005miao=0;
  18          
  19          void SelectHC573(unsigned char channel)
  20          {
  21   1        switch(channel)
  22   1        {
  23   2          case 4:
  24   2            P2=(P2&0x1f)|0x80;
  25   2            break;
  26   2          case 5:
  27   2            P2=(P2&0x1f)|0xa0;
  28   2            break;
  29   2          case 6:
  30   2            P2=(P2&0x1f)|0xc0;
  31   2            break;
  32   2          case 7:
  33   2            P2=(P2&0x1f)|0xe0;
  34   2            break;
  35   2        }
  36   1      }
  37          
  38          void Display_bit(unsigned char value, unsigned char pos)
  39          {
  40   1        SelectHC573(6);   //位选
  41   1        P0=0x01 << pos;   //0x01是点亮第一位数码管，<<左移pos位
  42   1        SelectHC573(7);    //段选
  43   1        P0=value;
  44   1      }
  45          
  46          
  47          void DelaySMG(unsigned int t)
  48          {
  49   1        while(t--);
  50   1      }
  51          
  52          void DisplayTime()
  53          {
  54   1        
  55   1        
C51 COMPILER V9.52.0.0   ____                                                              03/17/2020 21:31:00 PAGE 2   

  56   1        Display_bit(SMG_Duanma[t_005miao%10],7);
  57   1        DelaySMG(500);
  58   1        Display_bit(SMG_Duanma[t_005miao/10],6);
  59   1        DelaySMG(500);
  60   1        Display_bit(SMG_Duanma[16],5);
  61   1        DelaySMG(500);
  62   1        
  63   1        Display_bit(SMG_Duanma[t_miao%10],4);
  64   1        DelaySMG(500);
  65   1        Display_bit(SMG_Duanma[t_miao/10],3);
  66   1        DelaySMG(500);
  67   1        Display_bit(SMG_Duanma[16],2);
  68   1        DelaySMG(500);
  69   1        
  70   1        Display_bit(SMG_Duanma[t_fen%10],1);
  71   1        DelaySMG(500);
  72   1        Display_bit(SMG_Duanma[t_fen/10],0);
  73   1        DelaySMG(500);  
  74   1      }
  75          
  76          //************定时器函数***********
  77          void  Init_Timer0()
  78          {
  79   1        TMOD=0x01;
  80   1        TH0=(65535-50000)/256;  //设置50ms
  81   1        TL0=(65535-50000)%256;
  82   1        
  83   1        ET0=1;
  84   1        EA=1;
  85   1        TR0=1;
  86   1      }
  87          
  88          void ServiceTimer0() interrupt 1
  89          {
  90   1        TH0=(65535-50000)/256;  //设置50ms
  91   1        TL0=(65535-50000)%256;
  92   1        
  93   1        t_005miao++;    //0.05s
  94   1        if(t_005miao==20)  
  95   1        {
  96   2          t_miao++;
  97   2          t_005miao=0;
  98   2        } 
  99   1        if(t_miao==60)
 100   1        {
 101   2          t_fen++;
 102   2          t_miao=0;
 103   2        }
 104   1        if(t_fen==99)
 105   1        {
 106   2          t_fen=0;
 107   2        }
 108   1      }
 109          
 110          //*********************************
 111          
 112          void Delay(unsigned char t)
 113          {
 114   1        while(t--);
 115   1      }
 116          
 117          void ScanKeys()
C51 COMPILER V9.52.0.0   ____                                                              03/17/2020 21:31:00 PAGE 3   

 118          {
 119   1        if(S4==0)   //秒表启动与暂停
 120   1        {
 121   2          Delay(100);
 122   2          if(S4==0)
 123   2          {
 124   3            TR0=~(TR0);  //开关定时器
 125   3            while(S4==0)
 126   3            {
 127   4              DisplayTime();
 128   4            }
 129   3          }
 130   2        }
 131   1        
 132   1        if(S5==0)   //秒表清零
 133   1        {
 134   2          Delay(100);
 135   2          if(S5==0)
 136   2          {
 137   3            t_005miao=0;
 138   3            t_miao=0;
 139   3            t_fen=0;
 140   3            while(S5==0)
 141   3            {
 142   4              DisplayTime();
 143   4            }
 144   3          }
 145   2        }
 146   1      }
 147          
 148          
 149          void main()
 150          {
 151   1        Init_Timer0();
 152   1        while(1)
 153   1        {
 154   2          DisplayTime();
 155   2          ScanKeys();
 156   2        }
 157   1      }


MODULE INFORMATION:   STATIC OVERLAYABLE
   CODE SIZE        =    323    ----
   CONSTANT SIZE    =     18    ----
   XDATA SIZE       =   ----    ----
   PDATA SIZE       =   ----    ----
   DATA SIZE        =      3    ----
   IDATA SIZE       =   ----    ----
   BIT SIZE         =   ----    ----
END OF MODULE INFORMATION.


C51 COMPILATION COMPLETE.  0 WARNING(S),  0 ERROR(S)
