C51 COMPILER V9.52.0.0   __________________                                                03/14/2020 00:26:04 PAGE 1   


C51 COMPILER V9.52.0.0, COMPILATION OF MODULE __________________
OBJECT MODULE PLACED IN 矩阵键盘的基本操作.OBJ
COMPILER INVOKED BY: D:\Keil\C51\BIN\C51.EXE 矩阵键盘的基本操作.c BROWSE DEBUG OBJECTEXTEND TABS(2)

line level    source

   1          #include"reg52.h"
   2          
   3          //sfr P4 = 0xC0;  //未定义P4口
   4          
   5          sbit R1 = P3^0;
   6          sbit R2 = P3^1;
   7          sbit R3 = P3^2;
   8          sbit R4 = P3^3;
   9          
  10          sbit C4 = P3^4;
  11          sbit C3 = P3^5;
  12          sbit C2 = P4^2;
  13          sbit C1 = P4^4;
  14          
  15          unsigned char code SMG_Duanma[19] = 
  16             {0xc0,0xf9,0xa4,0xb0,0x99,0x92,0x82,0xf8,
  17              0x80,0x90,0x88,0x80,0xc6,0xc0,0x86,0x8e,
  18              0xbf,0x7f,0x3f};
  19          
  20          
  21          void Delay(unsigned int t)
  22          {
  23   1        while(t--);
  24   1      }
  25          
  26          void SelectHC573(unsigned char channel)
  27          {
  28   1        switch(channel)
  29   1        {
  30   2          case 4:
  31   2            P2=(P2 & 0x1f)| 0x80;
  32   2          break;
  33   2          case 5:
  34   2            P2=(P2 & 0x1f)| 0xa0;
  35   2          break;
  36   2          case 6:
  37   2            P2=(P2 & 0x1f)| 0xc0;
  38   2          break;
  39   2          case 7:
  40   2            P2=(P2 & 0x1f)| 0xe0;
  41   2          break;
  42   2        }
  43   1      }
  44          
  45          void DisplayKeyNum(unsigned char value)
  46          {
  47   1        SelectHC573(6);   //位选
  48   1        P0 = 0x01;
  49   1        SelectHC573(7);
  50   1        P0 = value;     //段选
  51   1      }
  52          
  53          unsigned char key_num;
  54          
  55          void ScanKey()
C51 COMPILER V9.52.0.0   __________________                                                03/14/2020 00:26:04 PAGE 2   

  56          {
  57   1        R1=0;
  58   1        R2=R3=R4=1;
  59   1        C1=C2=C3=C4=1;
  60   1        if(C1==0)
  61   1        {
  62   2          //while(C1 == 0);
  63   2          key_num = 0;  //键值
  64   2          DisplayKeyNum(SMG_Duanma[key_num]);
  65   2        }
  66   1        else if(C2==0)
  67   1        {
  68   2          while(C2==0);
  69   2          key_num=1;
  70   2          DisplayKeyNum(SMG_Duanma[key_num]);
  71   2        }
  72   1        else if(C3==0)
  73   1        {
  74   2          while(C3==0);
  75   2          key_num=2;
  76   2          DisplayKeyNum(SMG_Duanma[key_num]);
  77   2        }
  78   1        else if(C4==0)
  79   1        {
  80   2          while(C4==0);
  81   2          key_num=3;
  82   2          DisplayKeyNum(SMG_Duanma[key_num]);
  83   2        }
  84   1          
  85   1        R2=0;
  86   1        R1=R3=R4=1;
  87   1        C1=C2=C3=C4=1;
  88   1        if(C1==0)
  89   1        {
  90   2          while(C1 == 0);
  91   2          key_num = 4;  //键值
  92   2          DisplayKeyNum(SMG_Duanma[key_num]);
  93   2        }
  94   1        else if(C2==0)
  95   1        {
  96   2          while(C2==0);
  97   2          key_num=5;
  98   2          DisplayKeyNum(SMG_Duanma[key_num]);
  99   2        }
 100   1        else if(C3==0)
 101   1        {
 102   2          while(C3==0);
 103   2          key_num=6;
 104   2          DisplayKeyNum(SMG_Duanma[key_num]);
 105   2        }
 106   1        else if(C4==0)
 107   1        {
 108   2          while(C4==0);
 109   2          key_num=7;
 110   2          DisplayKeyNum(SMG_Duanma[key_num]);
 111   2        }
 112   1        
 113   1        R3=0;
 114   1        R2=R1=R4=1;
 115   1        C1=C2=C3=C4=1;
 116   1        if(C1==0)
 117   1        {
C51 COMPILER V9.52.0.0   __________________                                                03/14/2020 00:26:04 PAGE 3   

 118   2          while(C1 == 0);
 119   2          key_num =8;  //键值
 120   2          DisplayKeyNum(SMG_Duanma[key_num]);
 121   2        }
 122   1        else if(C2==0)
 123   1        {
 124   2          while(C2==0);
 125   2          key_num=9;
 126   2          DisplayKeyNum(SMG_Duanma[key_num]);
 127   2        }
 128   1        else if(C3==0)
 129   1        {
 130   2          while(C3==0);
 131   2          key_num=10;
 132   2          DisplayKeyNum(SMG_Duanma[key_num]);
 133   2        }
 134   1        else if(C4==0)
 135   1        {
 136   2          while(C4==0);
 137   2          key_num=11;
 138   2          DisplayKeyNum(SMG_Duanma[key_num]);
 139   2        }
 140   1          
 141   1        R4=0;
 142   1        R1=R3=R2=1;
 143   1        C1=C2=C3=C4=1;
 144   1        if(C1==0)
 145   1        {
 146   2          while(C1 == 0);
 147   2          key_num = 12;  //键值
 148   2          DisplayKeyNum(SMG_Duanma[key_num]);
 149   2        }
 150   1        else if(C2==0)
 151   1        {
 152   2          while(C2==0);
 153   2          key_num=13;
 154   2          DisplayKeyNum(SMG_Duanma[key_num]);
 155   2        }
 156   1        else if(C3==0)
 157   1        {
 158   2          while(C3==0);
 159   2          key_num=14;
 160   2          DisplayKeyNum(SMG_Duanma[key_num]);
 161   2        }
 162   1        else if(C4==0)
 163   1        {
 164   2          while(C4==0);
 165   2          key_num=15;
 166   2          DisplayKeyNum(SMG_Duanma[key_num]);
 167   2        }
 168   1        
 169   1        
 170   1      }
 171          
 172          
 173          
 174          void main()
 175          {
 176   1        while(1)
 177   1        {
 178   2          ScanKey();
 179   2        }
C51 COMPILER V9.52.0.0   __________________                                                03/14/2020 00:26:04 PAGE 4   

 180   1      }


MODULE INFORMATION:   STATIC OVERLAYABLE
   CODE SIZE        =    333    ----
   CONSTANT SIZE    =     19    ----
   XDATA SIZE       =   ----    ----
   PDATA SIZE       =   ----    ----
   DATA SIZE        =      1    ----
   IDATA SIZE       =   ----    ----
   BIT SIZE         =   ----    ----
END OF MODULE INFORMATION.


C51 COMPILATION COMPLETE.  0 WARNING(S),  0 ERROR(S)
