C51 COMPILER V9.52.0.0   COMMON                                                            03/25/2021 23:02:18 PAGE 1   


C51 COMPILER V9.52.0.0, COMPILATION OF MODULE COMMON
OBJECT MODULE PLACED IN ..\Output\common.obj
COMPILER INVOKED BY: D:\Keil4\C51\BIN\C51.EXE ..\System\common.c BROWSE INCDIR(..\Main;..\System;..\Library) DEBUG OBJEC
                    -TEXTEND PRINT(.\common.lst) TABS(2) OBJECT(..\Output\common.obj)

line level    source

   1          #include"common.h"
   2          
   3          void SelectHC573(unsigned char channel)
   4          {
   5   1        switch(channel)
   6   1        {
   7   2          case 4:
   8   2            P2=(P2&0x1f)|0x80; //选出3位，|80使得第3位是1
   9   2          break;
  10   2          case 5:
  11   2            P2=(P2&0x1f)|0xa0;
  12   2          break;
  13   2          case 6:
  14   2            P2=(P2&0x1f)|0xc0;
  15   2          break;
  16   2          case 7:
  17   2            P2=(P2&0x1f)|0xe0;
  18   2          break;
  19   2          case 0:
  20   2            P2=(P2&0x1f)|0x00;
  21   2          break;
  22   2        }
  23   1      }
  24          
  25          //void Delay_Nixie(unsigned char t)
  26          //{
  27          //  while(t--);
  28          //}
  29          void Delay1ms()   //@11.0592MHz
  30          {
  31   1        unsigned char i, j;
  32   1      
  33   1        _nop_();
  34   1        _nop_();
  35   1        _nop_();
  36   1        i = 11;
  37   1        j = 190;
  38   1        do
  39   1        {
  40   2          while (--j);
  41   2        } while (--i);
  42   1      }


MODULE INFORMATION:   STATIC OVERLAYABLE
   CODE SIZE        =     69    ----
   CONSTANT SIZE    =   ----    ----
   XDATA SIZE       =   ----    ----
   PDATA SIZE       =   ----    ----
   DATA SIZE        =   ----    ----
   IDATA SIZE       =   ----    ----
   BIT SIZE         =   ----    ----
END OF MODULE INFORMATION.


C51 COMPILATION COMPLETE.  0 WARNING(S),  0 ERROR(S)
