C51 COMPILER V9.52.0.0   INTERRUPT                                                         03/25/2021 23:02:20 PAGE 1   


C51 COMPILER V9.52.0.0, COMPILATION OF MODULE INTERRUPT
OBJECT MODULE PLACED IN ..\Output\interrupt.obj
COMPILER INVOKED BY: D:\Keil4\C51\BIN\C51.EXE ..\System\interrupt.c BROWSE INCDIR(..\Main;..\System;..\Library) DEBUG OB
                    -JECTEXTEND PRINT(.\interrupt.lst) TABS(2) OBJECT(..\Output\interrupt.obj)

line level    source

   1          #include"interrupt.h"
   2          
   3          unsigned char cnt=0;
   4          unsigned char t_s=0;
   5          unsigned char t_m=0;
   6          unsigned char t_h=0;
   7          
   8          void Init_Timer0()
   9          {
  10   1        TMOD=0x01;    //选择16位非自动重装模式
  11   1        TH1=(65535-50000)/256;
  12   1        TL1=(65535-50000)%256;
  13   1        
  14   1        ET0=1;
  15   1        TR0=1;
  16   1        EA=1;
  17   1      }
  18          
  19          void Serve_Timer0() interrupt 1
  20          {
  21   1        TH1=(65535-50000)/256;
  22   1        TL1=(65535-50000)%256;
  23   1        
  24   1        cnt++;
  25   1        if(cnt==20)
  26   1        {
  27   2          t_s++;
  28   2          cnt=0;
  29   2        }
  30   1        if(t_s==60)
  31   1        {
  32   2          t_m++;
  33   2          t_s=0;
  34   2        }
  35   1        if(t_m==60)
  36   1        {
  37   2          t_h++;
  38   2          t_m=0;
  39   2        }
  40   1      }
  41            


MODULE INFORMATION:   STATIC OVERLAYABLE
   CODE SIZE        =     63    ----
   CONSTANT SIZE    =   ----    ----
   XDATA SIZE       =   ----    ----
   PDATA SIZE       =   ----    ----
   DATA SIZE        =      4    ----
   IDATA SIZE       =   ----    ----
   BIT SIZE         =   ----    ----
END OF MODULE INFORMATION.


C51 COMPILATION COMPLETE.  0 WARNING(S),  0 ERROR(S)
