C51 COMPILER V9.52.0.0   KEY                                                               03/25/2021 23:02:19 PAGE 1   


C51 COMPILER V9.52.0.0, COMPILATION OF MODULE KEY
OBJECT MODULE PLACED IN ..\Output\key.obj
COMPILER INVOKED BY: D:\Keil4\C51\BIN\C51.EXE ..\System\key.c BROWSE INCDIR(..\Main;..\System;..\Library) DEBUG OBJECTEX
                    -TEND PRINT(.\key.lst) TABS(2) OBJECT(..\Output\key.obj)

line level    source

   1          #include"key.h"
   2          
   3          sbit S5=P3^2;
   4          sbit S4=P3^3;
   5          
   6          void KeyScan()
   7          {
   8   1        if(S4==0)
   9   1        {
  10   2      //    Delay_Nixie(100);
  11   2          Display();
  12   2          if(S4==0)
  13   2          {
  14   3            t_s=0;
  15   3            t_m=0;
  16   3            t_h=0;
  17   3          }
  18   2          while(S4==0)
  19   2          {
  20   3            Display();
  21   3          }
  22   2        }
  23   1        if(S5==0)
  24   1        {
  25   2      //    Delay_Nixie(100);
  26   2          Display();
  27   2          if(S5==0)
  28   2          {
  29   3            TR0=~(TR0);
  30   3          }
  31   2          while(S5==0)
  32   2          {
  33   3            Display();
  34   3          }
  35   2        }
  36   1      }


MODULE INFORMATION:   STATIC OVERLAYABLE
   CODE SIZE        =     44    ----
   CONSTANT SIZE    =   ----    ----
   XDATA SIZE       =   ----    ----
   PDATA SIZE       =   ----    ----
   DATA SIZE        =   ----    ----
   IDATA SIZE       =   ----    ----
   BIT SIZE         =   ----    ----
END OF MODULE INFORMATION.


C51 COMPILATION COMPLETE.  0 WARNING(S),  0 ERROR(S)
