C51 COMPILER V9.52.0.0   MAIN                                                              03/25/2021 23:02:17 PAGE 1   


C51 COMPILER V9.52.0.0, COMPILATION OF MODULE MAIN
OBJECT MODULE PLACED IN ..\Output\main.obj
COMPILER INVOKED BY: D:\Keil4\C51\BIN\C51.EXE ..\Main\main.c BROWSE INCDIR(..\Main;..\System;..\Library) DEBUG OBJECTEXT
                    -END PRINT(.\main.lst) TABS(2) OBJECT(..\Output\main.obj)

line level    source

   1          #include"main.h"
   2          
   3          unsigned char temp=0;
   4          
   5          void main()
   6          {
   7   1        Init_Timer0();
   8   1        while(1)
   9   1        {
  10   2          Display_Buffer_Change(0,0,3,4,5,6,7,8);
  11   2          Display();
  12   2      //    KeyScan();
  13   2      //    temp=DS18B20_Read();
  14   2        }
  15   1      }


MODULE INFORMATION:   STATIC OVERLAYABLE
   CODE SIZE        =     49    ----
   CONSTANT SIZE    =   ----    ----
   XDATA SIZE       =   ----    ----
   PDATA SIZE       =   ----    ----
   DATA SIZE        =      1    ----
   IDATA SIZE       =   ----    ----
   BIT SIZE         =   ----    ----
END OF MODULE INFORMATION.


C51 COMPILATION COMPLETE.  0 WARNING(S),  0 ERROR(S)
