C51 COMPILER V9.52.0.0   ONEWIRE                                                           03/25/2021 23:02:20 PAGE 1   


C51 COMPILER V9.52.0.0, COMPILATION OF MODULE ONEWIRE
OBJECT MODULE PLACED IN ..\Output\onewire.obj
COMPILER INVOKED BY: D:\Keil4\C51\BIN\C51.EXE ..\Library\onewire.c BROWSE INCDIR(..\Main;..\System;..\Library) DEBUG OBJ
                    -ECTEXTEND PRINT(.\onewire.lst) TABS(2) OBJECT(..\Output\onewire.obj)

line level    source

   1          /*
   2            程序说明: 单总线驱动程序
   3            软件环境: Keil uVision 4.10 
   4            硬件环境: CT107单片机综合实训平台(外部晶振12MHz) STC89C52RC单片机
   5            日    期: 2011-8-9
   6          */
   7          #include "onewire.h"
   8          
   9          sbit DQ = P1^4;  //单总线接口
  10          
  11          //单总线延时函数
  12          void Delay_OneWire(unsigned int t)  //STC89C52RC
  13          {
  14   1        unsigned char num=0;
  15   1        while(t--)
  16   1          for(num=0;num<=12;num++);
  17   1      }
  18          
  19          //通过单总线向DS18B20写一个字节
  20          void Write_DS18B20(unsigned char dat)
  21          {
  22   1        unsigned char i;
  23   1        for(i=0;i<8;i++)
  24   1        {
  25   2          DQ = 0;
  26   2          DQ = dat&0x01;
  27   2          Delay_OneWire(5);
  28   2          DQ = 1;
  29   2          dat >>= 1;
  30   2        }
  31   1        Delay_OneWire(5);
  32   1      }
  33          
  34          //从DS18B20读取一个字节
  35          unsigned char Read_DS18B20(void)
  36          {
  37   1        unsigned char i;
  38   1        unsigned char dat;
  39   1        
  40   1        for(i=0;i<8;i++)
  41   1        {
  42   2          DQ = 0;
  43   2          dat >>= 1;
  44   2          DQ = 1;
  45   2          if(DQ)
  46   2          {
  47   3            dat |= 0x80;
  48   3          }     
  49   2          Delay_OneWire(5);
  50   2        }
  51   1        return dat;
  52   1      }
  53          
  54          //DS18B20设备初始化
C51 COMPILER V9.52.0.0   ONEWIRE                                                           03/25/2021 23:02:20 PAGE 2   

  55          bit init_ds18b20(void)
  56          {
  57   1          bit initflag = 0;
  58   1          
  59   1          DQ = 1;
  60   1          Delay_OneWire(12);
  61   1          DQ = 0;
  62   1          Delay_OneWire(80);
  63   1          DQ = 1;
  64   1          Delay_OneWire(10); 
  65   1          initflag = DQ;     
  66   1          Delay_OneWire(5);
  67   1        
  68   1          return initflag;
  69   1      }
  70          
  71          
  72          unsigned char DS18B20_Read()    //读取温度
  73          {
  74   1        unsigned char high,low,date;
  75   1        
  76   1        init_ds18b20();  //初始化DS18B20
  77   1        Write_DS18B20(0xCC); //忽略寻找地址
  78   1        Write_DS18B20(0x44); //启动温度转换
  79   1        Delay_OneWire(400); //等待温度转换完成
  80   1      
  81   1        //读取
  82   1        init_ds18b20();  //初始化DS18B20
  83   1        Write_DS18B20(0xCC); //忽略寻找地址
  84   1        Write_DS18B20(0xBE); //发送读取命令
  85   1        low=Read_DS18B20();  //低8位读取
  86   1        high=Read_DS18B20(); //高8位读取
  87   1      
  88   1        date=high<<4;
  89   1        date|=(low>>4);
  90   1        
  91   1        return date;
  92   1      }
  93          
  94          
  95          


MODULE INFORMATION:   STATIC OVERLAYABLE
   CODE SIZE        =    174    ----
   CONSTANT SIZE    =   ----    ----
   XDATA SIZE       =   ----    ----
   PDATA SIZE       =   ----    ----
   DATA SIZE        =   ----    ----
   IDATA SIZE       =   ----    ----
   BIT SIZE         =   ----       1
END OF MODULE INFORMATION.


C51 COMPILATION COMPLETE.  0 WARNING(S),  0 ERROR(S)
