C51 COMPILER V9.52.0.0   ______________                                                    03/15/2020 21:30:05 PAGE 1   


C51 COMPILER V9.52.0.0, COMPILATION OF MODULE ______________
OBJECT MODULE PLACED IN 定时器实现秒闪.OBJ
COMPILER INVOKED BY: D:\Keil\C51\BIN\C51.EXE 定时器实现秒闪.c BROWSE DEBUG OBJECTEXTEND TABS(2)

line level    source

   1          #include"reg52.h"
   2          
   3          sbit L1=P0^0;
   4          sbit L8=P0^7;
   5          
   6          void SelectHC573(unsigned char channel)
   7          {
   8   1        switch(channel)
   9   1        {
  10   2          case 4:
  11   2            P2=(P2&0x1f)|0x80;
  12   2            break;
  13   2          case 5:
  14   2            P2=(P2&0x1f)|0xa0;
  15   2            break;
  16   2          case 6:
  17   2            P2=(P2&0x1f)|0xc0;
  18   2            break;
  19   2          case 7:
  20   2            P2=(P2&0x1f)|0xe0;
  21   2            break;    
  22   2        }
  23   1      }
  24          
  25          /******************************************************************
  26           *该函数是用定时器0定时0.5s，采用10次每次定时50ms
  27           *
  28          ********************************************************************/
  29          //初始化函数配置定时器
  30          void InitTimer0()
  31          {
  32   1        TMOD=0x01;   //不能位操作一次性写入
  33   1        TH0=(65535-50000)/256;  //16位最大定时是65.5ms,对于大于65.5ms的采用多次定时
  34   1        TH0=(65535-50000)%256;
  35   1        
  36   1        ET0=1;
  37   1        EA=1;
  38   1        TR0=1;
  39   1      }
  40          
  41          //unsigned char count = 0;  //计数中断次数->得到计数0.5s
  42          //unsigned char count1 = 0;   //得到计数10s
  43          //void ServiceTimer0() interrupt 1    //中断服务函数(共五个中断源，注意定数器0在第一个中断源)
  44          //{
  45          //  TH0=(65535-50000)/256;  //重装初值，因为无法自动重装
  46          //  TH0=(65535-50000)%256;
  47          //  
  48          //  count++;
  49          //  count1++;
  50          //  if(count == 10)  //50ms*10=500ms=0.5s
  51          //  {
  52          //    L1=~(L1);
  53          //    count=0;
  54          //  }
  55          //  if(count1 == 100)  //50ms*100=5000ms=5s
C51 COMPILER V9.52.0.0   ______________                                                    03/15/2020 21:30:05 PAGE 2   

  56          //  {
  57          //    L8 = ~(L8);
  58          //    count1 = 0;
  59          //  }
  60          //}
  61          
  62          
  63          //优化中断服务函数
  64          unsigned char count = 0;  
  65          void ServiceTimer0() interrupt 1    //中断服务函数(共五个中断源，注意定数器0在第一个中断源)
  66          {
  67   1        TH0=(65535-50000)/256;  //重装初值，因为无法自动重装
  68   1        TH0=(65535-50000)%256;
  69   1        
  70   1        count++;
  71   1        if(count%10==0)  //100里面10的倍数
  72   1        {
  73   2          L1=~(L1);
  74   2        }
  75   1        if(count == 100)  //50ms*100=5000ms=5s
  76   1        {
  77   2          L8 = ~(L8);
  78   2          count = 0;
  79   2        }
  80   1        
  81   1      }
  82          
  83          //错误代码，不能写到中断服务函数外面
  84          //void LEDWorking()
  85          //{
  86          //  if(count%10==0)  //100里面10的倍数
  87          //  {
  88          //    L1=~(L1);
  89          //  }
  90          //  if(count == 100)  //50ms*100=5000ms=5s
  91          //  {
  92          //    L8 = ~(L8);
  93          //    count = 0;
  94          //  }
  95          //}
  96          
  97          
  98          void main()
  99          {
 100   1        InitTimer0();
 101   1        while(1)
 102   1        {
 103   2          SelectHC573(4);
 104   2      //    LEDWorking();
 105   2        }
 106   1      }


MODULE INFORMATION:   STATIC OVERLAYABLE
   CODE SIZE        =    120    ----
   CONSTANT SIZE    =   ----    ----
   XDATA SIZE       =   ----    ----
   PDATA SIZE       =   ----    ----
   DATA SIZE        =      1    ----
   IDATA SIZE       =   ----    ----
   BIT SIZE         =   ----    ----
END OF MODULE INFORMATION.

C51 COMPILER V9.52.0.0   ______________                                                    03/15/2020 21:30:05 PAGE 3   


C51 COMPILATION COMPLETE.  0 WARNING(S),  0 ERROR(S)
