C51 COMPILER V9.52.0.0   COMMON                                                            04/02/2020 17:55:41 PAGE 1   


C51 COMPILER V9.52.0.0, COMPILATION OF MODULE COMMON
OBJECT MODULE PLACED IN ..\Output\common.obj
COMPILER INVOKED BY: D:\Keil\C51\BIN\C51.EXE ..\System\common.c BROWSE INCDIR(..\Main;..\System;..\Library) DEBUG OBJECT
                    -EXTEND PRINT(.\common.lst) TABS(2) OBJECT(..\Output\common.obj)

line level    source

   1          #include"common.h"
   2          
   3          void SelectHC573(unsigned char channel)
   4          {
   5   1        switch(channel)
   6   1        {
   7   2          case 4:
   8   2            P2=(P2&0x1f)|0x80;
   9   2          break;
  10   2          case 5:
  11   2            P2=(P1&0x1f)|0xa0;
  12   2          break;
  13   2          case 6:
  14   2            P2=(P2&0x1f)|0xd0;
  15   2          break;
  16   2          case 7:
  17   2            P2=(P1&0x1f)|0xe0;
  18   2          break;
  19   2          case 0:
  20   2            P2=(P2&0x1f)|0xff;
  21   2          break;
  22   2        }
  23   1      }


MODULE INFORMATION:   STATIC OVERLAYABLE
   CODE SIZE        =     60    ----
   CONSTANT SIZE    =   ----    ----
   XDATA SIZE       =   ----    ----
   PDATA SIZE       =   ----    ----
   DATA SIZE        =   ----    ----
   IDATA SIZE       =   ----    ----
   BIT SIZE         =   ----    ----
END OF MODULE INFORMATION.


C51 COMPILATION COMPLETE.  0 WARNING(S),  0 ERROR(S)
