C51 COMPILER V9.52.0.0   INTERRUPT                                                         04/02/2020 17:55:42 PAGE 1   


C51 COMPILER V9.52.0.0, COMPILATION OF MODULE INTERRUPT
OBJECT MODULE PLACED IN ..\Output\interrupt.obj
COMPILER INVOKED BY: D:\Keil\C51\BIN\C51.EXE ..\System\interrupt.c BROWSE INCDIR(..\Main;..\System;..\Library) DEBUG OBJ
                    -ECTEXTEND PRINT(.\interrupt.lst) TABS(2) OBJECT(..\Output\interrupt.obj)

line level    source

   1          #include"interrupt.h"
   2          
   3          unsigned int cnt=0;
   4          unsigned char t_s=0,t_m=0,t_h=0;
   5          bit timer0_flag=0;
   6          
   7          void Init_Timer0()    //1ms@11.0592MHz
   8          {
   9   1        AUXR |= 0x80;   
  10   1        TMOD &= 0xF0;       //16位自动重载模式
  11   1        TL0 = 0xCD;   
  12   1        TH0 = 0xD4;   
  13   1        TF0 = 0;            //清除标志位
  14   1        TR0 = 1;            //打开定时器0
  15   1        
  16   1        ET0=1;
  17   1        EA=1;
  18   1      }
  19          
  20          
  21          void Serve_Timer0() interrupt 1
  22          {
  23   1        cnt++;
  24   1      //  if(cnt==100)
  25   1      //  {
  26   1      //    cnt1++;
  27   1      //    cnt=0;
  28   1      //  }
  29   1        if(cnt==1000)
  30   1        {
  31   2          t_s++;
  32   2          cnt=0;
  33   2        }
  34   1        if(t_s==60)
  35   1        {
  36   2          t_m++;
  37   2          t_s=0;
  38   2        }
  39   1        if(t_m==60)
  40   1        {
  41   2          t_h++;
  42   2          t_m=0;
  43   2        }
  44   1        Display_SMG_DT();
  45   1        
  46   1        timer0_flag=1;
  47   1      }


MODULE INFORMATION:   STATIC OVERLAYABLE
   CODE SIZE        =    126    ----
   CONSTANT SIZE    =   ----    ----
   XDATA SIZE       =   ----    ----
   PDATA SIZE       =   ----    ----
C51 COMPILER V9.52.0.0   INTERRUPT                                                         04/02/2020 17:55:42 PAGE 2   

   DATA SIZE        =      5    ----
   IDATA SIZE       =   ----    ----
   BIT SIZE         =      1    ----
END OF MODULE INFORMATION.


C51 COMPILATION COMPLETE.  0 WARNING(S),  0 ERROR(S)
