C51 COMPILER V9.52.0.0   MAIN                                                              04/02/2020 17:55:41 PAGE 1   


C51 COMPILER V9.52.0.0, COMPILATION OF MODULE MAIN
OBJECT MODULE PLACED IN ..\Output\main.obj
COMPILER INVOKED BY: D:\Keil\C51\BIN\C51.EXE ..\Main\main.c BROWSE INCDIR(..\Main;..\System;..\Library) DEBUG OBJECTEXTE
                    -ND PRINT(.\main.lst) TABS(2) OBJECT(..\Output\main.obj)

line level    source

   1          #include"main.h"
   2          
   3          void main()
   4          {
   5   1        unsigned char tempature;
   6   1        Init_Timer0();
   7   1        while(1)
   8   1        {
   9   2          if(timer0_flag==1)
  10   2          {
  11   3            tempature=Read_Temperature();
  12   3            timer0_flag=0;
  13   3          }
  14   2          
  15   2          Display_Buffer_Change(t_m/10,t_m%10,16,t_s/10,t_s%10,16,tempature/10,tempature%10);
  16   2        }
  17   1      }
  18            
  19            


MODULE INFORMATION:   STATIC OVERLAYABLE
   CODE SIZE        =     94    ----
   CONSTANT SIZE    =   ----    ----
   XDATA SIZE       =   ----    ----
   PDATA SIZE       =   ----    ----
   DATA SIZE        =   ----       1
   IDATA SIZE       =   ----    ----
   BIT SIZE         =   ----    ----
END OF MODULE INFORMATION.


C51 COMPILATION COMPLETE.  0 WARNING(S),  0 ERROR(S)
