C51 COMPILER V9.52.0.0   IIC                                                               04/06/2020 00:19:16 PAGE 1   


C51 COMPILER V9.52.0.0, COMPILATION OF MODULE IIC
OBJECT MODULE PLACED IN ..\Output\iic.obj
COMPILER INVOKED BY: D:\Keil\C51\BIN\C51.EXE ..\Library\iic.c BROWSE INCDIR(..\Main;..\System;..\Library) DEBUG OBJECTEX
                    -TEND PRINT(.\iic.lst) TABS(2) OBJECT(..\Output\iic.obj)

line level    source

   1          /*
   2            程序说明: IIC总线驱动程序
   3            软件环境: Keil uVision 4.10 
   4            硬件环境: CT107单片机综合实训平台 8051，12MHz
   5            日    期: 2011-8-9
   6          */
   7          
   8          #include "iic.h"
   9          
  10          
  11          #define somenop Delay5us()   
  12          
  13          
  14          #define SlaveAddrW 0xA0
  15          #define SlaveAddrR 0xA1
  16          
  17          //总线引脚定义
  18          sbit SDA = P2^1;  /* 数据线 */
  19          sbit SCL = P2^0;  /* 时钟线 */
  20          
  21          
  22          //总线启动条件
  23          void IIC_Start(void)
  24          {
  25   1        SDA = 1;
  26   1        SCL = 1;
  27   1        somenop;
  28   1        SDA = 0;
  29   1        somenop;
  30   1        SCL = 0;  
  31   1      }
  32          
  33          //总线停止条件
  34          void IIC_Stop(void)
  35          {
  36   1        SDA = 0;
  37   1        SCL = 1;
  38   1        somenop;
  39   1        SDA = 1;
  40   1      }
  41          
  42          //应答位控制
  43          void IIC_Ack(bit ackbit)
  44          {
  45   1        if(ackbit) 
  46   1        { 
  47   2          SDA = 0;
  48   2        }
  49   1        else 
  50   1        {
  51   2          SDA = 1;
  52   2        }
  53   1        somenop;
  54   1        SCL = 1;
C51 COMPILER V9.52.0.0   IIC                                                               04/06/2020 00:19:16 PAGE 2   

  55   1        somenop;
  56   1        SCL = 0;
  57   1        SDA = 1; 
  58   1        somenop;
  59   1      }
  60          
  61          //等待应答
  62          bit IIC_WaitAck(void)
  63          {
  64   1        SDA = 1;
  65   1        somenop;
  66   1        SCL = 1;
  67   1        somenop;
  68   1        if(SDA)    
  69   1        {   
  70   2          SCL = 0;
  71   2          IIC_Stop();
  72   2          return 0;
  73   2        }
  74   1        else  
  75   1        { 
  76   2          SCL = 0;
  77   2          return 1;
  78   2        }
  79   1      }
  80          
  81          //通过I2C总线发送数据
  82          void IIC_SendByte(unsigned char byt)
  83          {
  84   1        unsigned char i;
  85   1        for(i=0;i<8;i++)
  86   1        {   
  87   2          if(byt&0x80) 
  88   2          { 
  89   3            SDA = 1;
  90   3          }
  91   2          else 
  92   2          {
  93   3            SDA = 0;
  94   3          }
  95   2          somenop;
  96   2          SCL = 1;
  97   2          byt <<= 1;
  98   2          somenop;
  99   2          SCL = 0;
 100   2        }
 101   1      }
 102          
 103          //从I2C总线上接收数据
 104          unsigned char IIC_RecByte(void)
 105          {
 106   1        unsigned char da;
 107   1        unsigned char i;
 108   1        
 109   1        for(i=0;i<8;i++)
 110   1        {   
 111   2          SCL = 1;
 112   2          somenop;
 113   2          da <<= 1;
 114   2          if(SDA) 
 115   2          da |= 0x01;
 116   2          SCL = 0;
C51 COMPILER V9.52.0.0   IIC                                                               04/06/2020 00:19:16 PAGE 3   

 117   2          somenop;
 118   2        }
 119   1        return da;
 120   1      }
 121          
 122          unsigned char PCF8591_ADC(unsigned char addr)  //返回的是0-255之间的数字，要算电压要3*值/256
 123          {
 124   1        unsigned char dat;  //接收数据的变量
 125   1        //写数据
 126   1        IIC_Start();  //IIC开始工作
 127   1        IIC_SendByte(0x90);   //告诉IIC，PCF8591地址，w
 128   1        IIC_WaitAck();    //等待应答
 129   1        
 130   1        IIC_SendByte(addr);  //选择要读的AIN口
 131   1        IIC_WaitAck(); 
 132   1        
 133   1        IIC_Stop();       //IIC总线空置
 134   1        
 135   1        //读数据
 136   1        IIC_Start();
 137   1        IIC_SendByte(0x91);  //R 
 138   1        IIC_WaitAck(); 
 139   1        dat=IIC_RecByte();
 140   1        IIC_Ack(0);  //单片机应答PF8591
 141   1        IIC_Stop();   
 142   1        
 143   1        return dat;
 144   1      }
 145          
 146          
 147          void PCF8591_DAC(unsigned char dat)  //DA
 148          {
 149   1        IIC_Start();  //IIC开始工作
 150   1        IIC_SendByte(0x90);   //告诉IIC，PCF8591地址，w
 151   1        IIC_WaitAck();    //等待应答
 152   1        
 153   1        IIC_SendByte(0x40);  //告诉芯片是数字量转模拟量
 154   1        IIC_WaitAck(); 
 155   1      
 156   1        IIC_SendByte(dat);  //发送8位电压数据，不能是浮点数啥的
 157   1        IIC_WaitAck(); 
 158   1        IIC_Stop();   
 159   1      
 160   1      }
 161          
 162          
 163          unsigned char E2Prom_Read(unsigned char addr)  //e2prom读出函数
 164          {
 165   1        unsigned char dat;  //接收数据的变量
 166   1      
 167   1        IIC_Start();  //IIC开始工作
 168   1        IIC_SendByte(0xa0);   //告诉IIC，AT24C02地址，w
 169   1        IIC_WaitAck();    //等待应答
 170   1        
 171   1        IIC_SendByte(addr);  //要读出数据地址
 172   1        IIC_WaitAck(); 
 173   1        
 174   1        IIC_Stop();       //IIC总线空置
 175   1        
 176   1        //读数据
 177   1        IIC_Start();
 178   1        IIC_SendByte(0xa1);  //R数据 
C51 COMPILER V9.52.0.0   IIC                                                               04/06/2020 00:19:16 PAGE 4   

 179   1        IIC_WaitAck(); 
 180   1        dat=IIC_RecByte();
 181   1        IIC_Ack(0);  //单片机应答AT24C02
 182   1        IIC_Stop();   
 183   1        
 184   1        return dat;
 185   1      }
 186          
 187          
 188          void E2Prom_Write(unsigned char addr,dat)  //写入e2prom
 189          {
 190   1        IIC_Start();  //IIC开始工作
 191   1        IIC_SendByte(0xa0);   //告诉IIC，AT24C02地址，w
 192   1        IIC_WaitAck();    //等待应答
 193   1        
 194   1        IIC_SendByte(addr);  //告诉芯片数据在芯片内存储的位置
 195   1        IIC_WaitAck(); 
 196   1      
 197   1        IIC_SendByte(dat);  //所存储的数据发给芯片
 198   1        IIC_WaitAck(); 
 199   1        IIC_Stop();   
 200   1      }


MODULE INFORMATION:   STATIC OVERLAYABLE
   CODE SIZE        =    322    ----
   CONSTANT SIZE    =   ----    ----
   XDATA SIZE       =   ----    ----
   PDATA SIZE       =   ----    ----
   DATA SIZE        =   ----      12
   IDATA SIZE       =   ----    ----
   BIT SIZE         =   ----       1
END OF MODULE INFORMATION.


C51 COMPILATION COMPLETE.  0 WARNING(S),  0 ERROR(S)
