C51 COMPILER V9.52.0.0   ________                                                          03/12/2020 23:47:43 PAGE 1   


C51 COMPILER V9.52.0.0, COMPILATION OF MODULE ________
OBJECT MODULE PLACED IN 独立按键.OBJ
COMPILER INVOKED BY: D:\Keil\C51\BIN\C51.EXE 独立按键.c BROWSE DEBUG OBJECTEXTEND TABS(2)

line level    source

   1          #include"reg52.h"
   2          
   3          sbit S7 = P3^0;
   4          sbit S6 = P3^1;
   5          sbit S5 = P3^2;
   6          sbit S4 = P3^3;
   7          
   8          sbit L1 = P0^0;
   9          sbit L2 = P0^1;
  10          sbit L3 = P0^2;
  11          sbit L4 = P0^3;
  12          sbit L5 = P0^4;
  13          sbit L6 = P0^5;
  14          
  15          
  16          void SelctHC573(unsigned char channel)
  17          {
  18   1        switch (channel)
  19   1        {
  20   2          case 4:
  21   2            P2=(P2 & 0x1f) | 0x80;
  22   2          break;
  23   2          case 5:
  24   2            P2=(P2 & 0x1f) | 0xa0;
  25   2          break;
  26   2          case 6:
  27   2            P2=(P2 & 0x1f) | 0xc0;
  28   2          break;
  29   2          case 7:
  30   2            P2=(P2 & 0x1f) | 0xe0;
  31   2          break;
  32   2        }
  33   1      }
  34          
  35          void DelayK(unsigned char t)
  36          {
  37   1        while(t--);
  38   1      }
  39          
  40          void ScanKeys_Alone()
  41          {
  42   1        if(S7==0)
  43   1        {
  44   2          DelayK(100);
  45   2          if(S7==0)
  46   2          {
  47   3            L1=0;
  48   3            while(S7==1);
  49   3            L1=1;
  50   3          }
  51   2        }
  52   1        
  53   1        if(S6==0)
  54   1        {
  55   2          DelayK(100);
C51 COMPILER V9.52.0.0   ________                                                          03/12/2020 23:47:43 PAGE 2   

  56   2          if(S6==0)
  57   2          {
  58   3            L2=0;
  59   3            while(S6==1);
  60   3            L2=1;
  61   3          }
  62   2        }
  63   1        
  64   1        if(S5==0)
  65   1        {
  66   2          DelayK(100);
  67   2          if(S5==0)
  68   2          {
  69   3            L3=0;
  70   3            while(S5==1);
  71   3            L3=1;
  72   3          }
  73   2        }
  74   1        
  75   1        if(S4==0)
  76   1        {
  77   2          DelayK(100);
  78   2          if(S4==0)
  79   2          {
  80   3            L4=0;
  81   3            while(S4==1);
  82   3            L4=1;
  83   3          }
  84   2        }
  85   1        
  86   1      }
  87          
  88          
  89          
  90          void main()
  91          {
  92   1        SelctHC573(4);
  93   1        while(1)
  94   1        {
  95   2          ScanKeys_Alone();
  96   2        }
  97   1      }


MODULE INFORMATION:   STATIC OVERLAYABLE
   CODE SIZE        =    141    ----
   CONSTANT SIZE    =   ----    ----
   XDATA SIZE       =   ----    ----
   PDATA SIZE       =   ----    ----
   DATA SIZE        =   ----    ----
   IDATA SIZE       =   ----    ----
   BIT SIZE         =   ----    ----
END OF MODULE INFORMATION.


C51 COMPILATION COMPLETE.  0 WARNING(S),  0 ERROR(S)
