C51 COMPILER V9.52.0.0   ______________                                                    03/13/2020 00:16:54 PAGE 1   


C51 COMPILER V9.52.0.0, COMPILATION OF MODULE ______________
OBJECT MODULE PLACED IN 独立按键的扩展.OBJ
COMPILER INVOKED BY: D:\Keil\C51\BIN\C51.EXE 独立按键的扩展.c BROWSE DEBUG OBJECTEXTEND TABS(2)

line level    source

   1          #include"reg52.h"
   2          
   3          sbit S7 = P3^0;
   4          sbit S6 = P3^1;
   5          sbit S5 = P3^2;
   6          sbit S4 = P3^3;
   7          
   8          sbit L1 = P0^0;
   9          sbit L2 = P0^1;
  10          sbit L3 = P0^2;
  11          sbit L4 = P0^3;
  12          sbit L5 = P0^4;
  13          sbit L6 = P0^5;
  14          
  15          
  16          void SelctHC573(unsigned char channel)
  17          {
  18   1        switch (channel)
  19   1        {
  20   2          case 4:
  21   2            P2=(P2 & 0x1f) | 0x80;
  22   2          break;
  23   2          case 5:
  24   2            P2=(P2 & 0x1f) | 0xa0;
  25   2          break;
  26   2          case 6:
  27   2            P2=(P2 & 0x1f) | 0xc0;
  28   2          break;
  29   2          case 7:
  30   2            P2=(P2 & 0x1f) | 0xe0;
  31   2          break;
  32   2        }
  33   1      }
  34          
  35          
  36          
  37          void DelayK(unsigned char t)
  38          {
  39   1        while(t--);
  40   1      }
  41          
  42          unsigned char state_k = 0;  //定义一个状态变量
  43          void ScanKeys_Alone()
  44          {
  45   1        if(S7==0)
  46   1        {
  47   2          DelayK(100);
  48   2          if(S7==0)
  49   2          {
  50   3            if(state_k==0)
  51   3            {
  52   4              L1=0;    //点亮L1
  53   4              state_k = 1;
  54   4            }
  55   3            else if(state_k == 1)
C51 COMPILER V9.52.0.0   ______________                                                    03/13/2020 00:16:54 PAGE 2   

  56   3            {
  57   4              L1=1;    //关灯
  58   4              state_k = 0;
  59   4            }
  60   3            while(S7==0);  //避免多次按键导致L灯闪烁
  61   3          }   
  62   2        }
  63   1        
  64   1        if(S6==0)
  65   1        {
  66   2          DelayK(100);
  67   2          if(S6==0)
  68   2          {
  69   3            if(state_k==0)
  70   3            {
  71   4              L2 = 0;
  72   4              state_k = 2;
  73   4            }
  74   3            else if(state_k==2)
  75   3            {
  76   4              L2 = 1;
  77   4              state_k = 0;
  78   4            }
  79   3            while(S6==0);
  80   3          }
  81   2        }
  82   1        
  83   1        if(S5==0)
  84   1        {
  85   2          DelayK(100);
  86   2          if(S5==0)
  87   2          {
  88   3            if(state_k==1)
  89   3            {
  90   4              L3=0;
  91   4              while(S5==0);
  92   4              L3=1;
  93   4            }
  94   3            else if(state_k==2)
  95   3            {
  96   4              L5=0;
  97   4              while(S5==0);
  98   4              L5=1;
  99   4            }
 100   3          }
 101   2        }
 102   1        
 103   1        if(S4==0)
 104   1        {
 105   2          DelayK(100);
 106   2          if(S4==0)
 107   2          {
 108   3            if(state_k==1)
 109   3            {
 110   4              L4=0;
 111   4              while(S4==0);
 112   4              L4=1;
 113   4            }
 114   3            else if(state_k==2)
 115   3            {
 116   4              L6=0;
 117   4              while(S4==0);
C51 COMPILER V9.52.0.0   ______________                                                    03/13/2020 00:16:54 PAGE 3   

 118   4              L6=1;
 119   4            }
 120   3          }
 121   2        }
 122   1        
 123   1      }
 124          
 125          
 126          
 127          void main()
 128          {
 129   1        SelctHC573(4);
 130   1        while(1)
 131   1        {
 132   2          ScanKeys_Alone();
 133   2        }
 134   1      }


MODULE INFORMATION:   STATIC OVERLAYABLE
   CODE SIZE        =    212    ----
   CONSTANT SIZE    =   ----    ----
   XDATA SIZE       =   ----    ----
   PDATA SIZE       =   ----    ----
   DATA SIZE        =      1    ----
   IDATA SIZE       =   ----    ----
   BIT SIZE         =   ----    ----
END OF MODULE INFORMATION.


C51 COMPILATION COMPLETE.  0 WARNING(S),  0 ERROR(S)
