C51 COMPILER V9.52.0.0   PWM____                                                           03/18/2020 18:06:14 PAGE 1   


C51 COMPILER V9.52.0.0, COMPILATION OF MODULE PWM____
OBJECT MODULE PLACED IN PWM调光.OBJ
COMPILER INVOKED BY: D:\Keil\C51\BIN\C51.EXE PWM调光.c BROWSE DEBUG OBJECTEXTEND TABS(2)

line level    source

   1          #include"reg52.h"
   2          
   3          sbit L1=P0^0;
   4          sbit S7=P3^0;
   5          
   6          unsigned char cnt=0;
   7          unsigned char pwm_duty=0;
   8          
   9          void SelectHC573(unsigned char channel)
  10          {
  11   1        switch(channel)
  12   1        {
  13   2          case 4:
  14   2            P2=(P2&0x1f)|0x80;
  15   2          break;
  16   2        }
  17   1      }
  18          
  19          //*****************定时器相关函数*****************
  20          void Init_Timer0()
  21          {
  22   1        TMOD=0x01;    //选16位重装，8位自动重装更好
  23   1        TH0=(65535-100)%256;  //100us的中断
  24   1        TL0=(65535-100)/256;
  25   1      
  26   1        ET0=1;
  27   1        EA=1;
  28   1      //  TR0=1;  //可以打开，但是在本题可以在产生脉宽调制时再打开
  29   1      }
  30          
  31          void ServiceTimer0() interrupt 1
  32          {
  33   1        TH0=(65535-100)%256;  
  34   1        TL0=(65535-100)/256;
  35   1        
  36   1        cnt++;
  37   1        if(cnt<=pwm_duty)
  38   1        {
  39   2          L1=0;
  40   2        }
  41   1        else if(cnt<100)
  42   1        {
  43   2          L1=1;
  44   2        }
  45   1        else if(cnt==100)
  46   1        {
  47   2          L1=0;
  48   2          cnt=0;
  49   2        }
  50   1      }
  51          
  52          
  53          
  54          //*************************************************
  55          
C51 COMPILER V9.52.0.0   PWM____                                                           03/18/2020 18:06:14 PAGE 2   

  56          
  57          //************************按键相关函数**************
  58          void Delay(unsigned char t)
  59          {
  60   1        while(t--);
  61   1      }
  62          
  63          unsigned char state=0;
  64          
  65          void KeyScan()
  66          {
  67   1        if(S7==0)
  68   1        {
  69   2          Delay(100);
  70   2          if(S7==0)
  71   2          {
  72   3            switch(state)
  73   3            {
  74   4              case 0:     //按下按键才亮并且定时器打开，脉宽位10%
  75   4                L1=0;
  76   4                TR0=1;
  77   4                pwm_duty=10;
  78   4                state=1;    //状态1
  79   4              break; 
  80   4              
  81   4              case 1:
  82   4                pwm_duty=50;
  83   4                state=2;
  84   4              break;
  85   4              
  86   4              case 2:
  87   4                pwm_duty=90;
  88   4                state=3;
  89   4              break;
  90   4              
  91   4              case 3:
  92   4                L1=1;  //关灯
  93   4                TR0=0; //关定时器
  94   4                state=0;
  95   4              break;
  96   4            }
  97   3            while(S7 == 0);
  98   3          }
  99   2        }
 100   1      }
 101          
 102          //************************************************
 103          
 104          
 105          
 106          
 107          
 108          void main()
 109          {
 110   1        SelectHC573(4);
 111   1        Init_Timer0();
 112   1        while(1)
 113   1        {
 114   2          KeyScan();
 115   2        }
 116   1      }

C51 COMPILER V9.52.0.0   PWM____                                                           03/18/2020 18:06:14 PAGE 3   


MODULE INFORMATION:   STATIC OVERLAYABLE
   CODE SIZE        =    162    ----
   CONSTANT SIZE    =   ----    ----
   XDATA SIZE       =   ----    ----
   PDATA SIZE       =   ----    ----
   DATA SIZE        =      3    ----
   IDATA SIZE       =   ----    ----
   BIT SIZE         =   ----    ----
END OF MODULE INFORMATION.


C51 COMPILATION COMPLETE.  0 WARNING(S),  0 ERROR(S)
