C51 COMPILER V9.52.0.0   INTERRUPT                                                         06/29/2020 21:08:31 PAGE 1   


C51 COMPILER V9.52.0.0, COMPILATION OF MODULE INTERRUPT
OBJECT MODULE PLACED IN ..\Output\interrupt.obj
COMPILER INVOKED BY: D:\Keil\C51\BIN\C51.EXE ..\Code\System\interrupt.c BROWSE INCDIR(..\Code\Library;..\Code\Main;..\Co
                    -de\System) DEBUG OBJECTEXTEND PRINT(.\interrupt.lst) TABS(2) OBJECT(..\Output\interrupt.obj)

line level    source

   1          #include"interrupt.h"
   2          
   3          void Init_Timer0()   //1ms@11.0592
   4          {
   5   1        AUXR |= 0x80;   
   6   1        TMOD &= 0xF0;   //16位自动
   7   1        TL0 = 0xCD;   
   8   1        TH0 = 0xD4; 
   9   1        
  10   1        TF0 = 0;    
  11   1        TR0 = 1;
  12   1        ET0=1;   //中断0开关
  13   1        EA=1;
  14   1      }
  15          
  16          void Serve_Timer0() interrupt 1
  17          {
  18   1        Display_DT();
  19   1        MatrixKeyScan();
  20   1      }


MODULE INFORMATION:   STATIC OVERLAYABLE
   CODE SIZE        =     83    ----
   CONSTANT SIZE    =   ----    ----
   XDATA SIZE       =   ----    ----
   PDATA SIZE       =   ----    ----
   DATA SIZE        =   ----    ----
   IDATA SIZE       =   ----    ----
   BIT SIZE         =   ----    ----
END OF MODULE INFORMATION.


C51 COMPILATION COMPLETE.  0 WARNING(S),  0 ERROR(S)
